<?xml version="1.0" encoding="UTF-8"?>
<coverage generated="1737658231745" clover="3.2.0">
  <project timestamp="1737658231745" name="All files">
    <metrics statements="48" coveredstatements="46" conditionals="22" coveredconditionals="20" methods="11" coveredmethods="10" elements="81" coveredelements="76" complexity="0" loc="48" ncloc="48" packages="1" files="6" classes="6"/>
    <file name="checkErrors.js" path="D:\WEB_PROJECTS\Chrome_extension\functions\checkErrors.js">
      <metrics statements="6" coveredstatements="6" conditionals="6" coveredconditionals="6" methods="1" coveredmethods="1"/>
      <line num="3" count="4" type="cond" truecount="2" falsecount="0"/>
      <line num="4" count="1" type="stmt"/>
      <line num="5" count="3" type="cond" truecount="2" falsecount="0"/>
      <line num="6" count="1" type="stmt"/>
      <line num="7" count="2" type="cond" truecount="2" falsecount="0"/>
      <line num="8" count="1" type="stmt"/>
    </file>
    <file name="getCurrentDate.js" path="D:\WEB_PROJECTS\Chrome_extension\functions\getCurrentDate.js">
      <metrics statements="8" coveredstatements="8" conditionals="4" coveredconditionals="4" methods="1" coveredmethods="1"/>
      <line num="2" count="3" type="stmt"/>
      <line num="4" count="3" type="stmt"/>
      <line num="5" count="3" type="stmt"/>
      <line num="6" count="3" type="stmt"/>
      <line num="8" count="3" type="cond" truecount="2" falsecount="0"/>
      <line num="9" count="3" type="cond" truecount="2" falsecount="0"/>
      <line num="11" count="3" type="stmt"/>
      <line num="12" count="3" type="stmt"/>
    </file>
    <file name="getLoginUserName.js" path="D:\WEB_PROJECTS\Chrome_extension\functions\getLoginUserName.js">
      <metrics statements="15" coveredstatements="13" conditionals="8" coveredconditionals="6" methods="2" coveredmethods="1"/>
      <line num="3" count="3" type="stmt"/>
      <line num="6" count="0" type="stmt"/>
      <line num="7" count="0" type="cond" truecount="0" falsecount="2"/>
      <line num="11" count="3" type="cond" truecount="2" falsecount="0"/>
      <line num="12" count="1" type="stmt"/>
      <line num="15" count="2" type="stmt"/>
      <line num="16" count="2" type="stmt"/>
      <line num="17" count="2" type="stmt"/>
      <line num="19" count="2" type="stmt"/>
      <line num="20" count="2" type="stmt"/>
      <line num="22" count="2" type="stmt"/>
      <line num="24" count="2" type="cond" truecount="4" falsecount="0"/>
      <line num="25" count="1" type="stmt"/>
      <line num="30" count="1" type="stmt"/>
      <line num="32" count="1" type="stmt"/>
    </file>
    <file name="hexToRgb.js" path="D:\WEB_PROJECTS\Chrome_extension\functions\hexToRgb.js">
      <metrics statements="4" coveredstatements="4" conditionals="0" coveredconditionals="0" methods="1" coveredmethods="1"/>
      <line num="3" count="4" type="stmt"/>
      <line num="4" count="4" type="stmt"/>
      <line num="5" count="4" type="stmt"/>
      <line num="6" count="4" type="stmt"/>
    </file>
    <file name="parsePageContent.js" path="D:\WEB_PROJECTS\Chrome_extension\functions\parsePageContent.js">
      <metrics statements="7" coveredstatements="7" conditionals="4" coveredconditionals="4" methods="2" coveredmethods="2"/>
      <line num="4" count="3" type="stmt"/>
      <line num="5" count="3" type="cond" truecount="2" falsecount="0"/>
      <line num="8" count="3" type="stmt"/>
      <line num="9" count="3" type="cond" truecount="2" falsecount="0"/>
      <line num="12" count="3" type="stmt"/>
      <line num="13" count="4" type="stmt"/>
      <line num="15" count="3" type="stmt"/>
    </file>
    <file name="setupColorSelection.js" path="D:\WEB_PROJECTS\Chrome_extension\functions\setupColorSelection.js">
      <metrics statements="8" coveredstatements="8" conditionals="0" coveredconditionals="0" methods="4" coveredmethods="4"/>
      <line num="1" count="1" type="stmt"/>
      <line num="5" count="2" type="stmt"/>
      <line num="8" count="2" type="stmt"/>
      <line num="9" count="8" type="stmt"/>
      <line num="11" count="4" type="stmt"/>
      <line num="12" count="4" type="stmt"/>
      <line num="13" count="4" type="stmt"/>
      <line num="20" count="4" type="stmt"/>
    </file>
  </project>
</coverage>
