{"D:\\WEB_PROJECTS\\Chrome_extension\\functions\\checkErrors.js": {"path":"D:\\WEB_PROJECTS\\Chrome_extension\\functions\\checkErrors.js","statementMap":{"0":{"start":{"line":3,"column":1},"end":{"line":9,"column":2}},"1":{"start":{"line":4,"column":2},"end":{"line":4,"column":18}},"2":{"start":{"line":5,"column":8},"end":{"line":9,"column":2}},"3":{"start":{"line":6,"column":2},"end":{"line":6,"column":35}},"4":{"start":{"line":7,"column":8},"end":{"line":9,"column":2}},"5":{"start":{"line":8,"column":2},"end":{"line":8,"column":53}}},"fnMap":{"0":{"name":"checkErrors","decl":{"start":{"line":2,"column":16},"end":{"line":2,"column":27}},"loc":{"start":{"line":2,"column":77},"end":{"line":10,"column":1}},"line":2}},"branchMap":{"0":{"loc":{"start":{"line":3,"column":1},"end":{"line":9,"column":2}},"type":"if","locations":[{"start":{"line":3,"column":1},"end":{"line":9,"column":2}},{"start":{"line":5,"column":8},"end":{"line":9,"column":2}}],"line":3},"1":{"loc":{"start":{"line":5,"column":8},"end":{"line":9,"column":2}},"type":"if","locations":[{"start":{"line":5,"column":8},"end":{"line":9,"column":2}},{"start":{"line":7,"column":8},"end":{"line":9,"column":2}}],"line":5},"2":{"loc":{"start":{"line":7,"column":8},"end":{"line":9,"column":2}},"type":"if","locations":[{"start":{"line":7,"column":8},"end":{"line":9,"column":2}},{"start":{},"end":{}}],"line":7}},"s":{"0":4,"1":1,"2":3,"3":1,"4":2,"5":1},"f":{"0":4},"b":{"0":[1,3],"1":[1,2],"2":[1,1]},"_coverageSchema":"1a1c01bbd47fc00a2c39e90264f33305004495a9","hash":"70674c2554160361335d02b147cab40421d0e5ce"}
,"D:\\WEB_PROJECTS\\Chrome_extension\\functions\\getCurrentDate.js": {"path":"D:\\WEB_PROJECTS\\Chrome_extension\\functions\\getCurrentDate.js","statementMap":{"0":{"start":{"line":2,"column":21},"end":{"line":2,"column":31}},"1":{"start":{"line":4,"column":13},"end":{"line":4,"column":34}},"2":{"start":{"line":5,"column":15},"end":{"line":5,"column":41}},"3":{"start":{"line":6,"column":14},"end":{"line":6,"column":39}},"4":{"start":{"line":8,"column":22},"end":{"line":8,"column":48}},"5":{"start":{"line":9,"column":24},"end":{"line":9,"column":56}},"6":{"start":{"line":11,"column":23},"end":{"line":11,"column":70}},"7":{"start":{"line":12,"column":1},"end":{"line":12,"column":21}}},"fnMap":{"0":{"name":"getCurrentDate","decl":{"start":{"line":1,"column":16},"end":{"line":1,"column":30}},"loc":{"start":{"line":1,"column":33},"end":{"line":13,"column":1}},"line":1}},"branchMap":{"0":{"loc":{"start":{"line":8,"column":22},"end":{"line":8,"column":48}},"type":"cond-expr","locations":[{"start":{"line":8,"column":33},"end":{"line":8,"column":42}},{"start":{"line":8,"column":45},"end":{"line":8,"column":48}}],"line":8},"1":{"loc":{"start":{"line":9,"column":24},"end":{"line":9,"column":56}},"type":"cond-expr","locations":[{"start":{"line":9,"column":37},"end":{"line":9,"column":48}},{"start":{"line":9,"column":51},"end":{"line":9,"column":56}}],"line":9}},"s":{"0":3,"1":3,"2":3,"3":3,"4":3,"5":3,"6":3,"7":3},"f":{"0":3},"b":{"0":[1,2],"1":[2,1]},"_coverageSchema":"1a1c01bbd47fc00a2c39e90264f33305004495a9","hash":"9a5d2279ccdfba74eca47a44159873837929476c"}
,"D:\\WEB_PROJECTS\\Chrome_extension\\functions\\getLoginUserName.js": {"path":"D:\\WEB_PROJECTS\\Chrome_extension\\functions\\getLoginUserName.js","statementMap":{"0":{"start":{"line":3,"column":18},"end":{"line":9,"column":3}},"1":{"start":{"line":6,"column":23},"end":{"line":6,"column":94}},"2":{"start":{"line":7,"column":3},"end":{"line":7,"column":29}},"3":{"start":{"line":11,"column":1},"end":{"line":13,"column":2}},"4":{"start":{"line":12,"column":2},"end":{"line":12,"column":89}},"5":{"start":{"line":15,"column":21},"end":{"line":15,"column":34}},"6":{"start":{"line":16,"column":18},"end":{"line":16,"column":42}},"7":{"start":{"line":17,"column":18},"end":{"line":17,"column":39}},"8":{"start":{"line":19,"column":16},"end":{"line":19,"column":31}},"9":{"start":{"line":20,"column":13},"end":{"line":20,"column":58}},"10":{"start":{"line":22,"column":21},"end":{"line":22,"column":62}},"11":{"start":{"line":24,"column":1},"end":{"line":26,"column":2}},"12":{"start":{"line":25,"column":2},"end":{"line":25,"column":45}},"13":{"start":{"line":30,"column":18},"end":{"line":30,"column":83}},"14":{"start":{"line":32,"column":1},"end":{"line":32,"column":61}}},"fnMap":{"0":{"name":"getLoginUserName","decl":{"start":{"line":1,"column":22},"end":{"line":1,"column":38}},"loc":{"start":{"line":1,"column":50},"end":{"line":33,"column":1}},"line":1},"1":{"name":"(anonymous_1)","decl":{"start":{"line":5,"column":8},"end":{"line":5,"column":9}},"loc":{"start":{"line":5,"column":14},"end":{"line":8,"column":3}},"line":5}},"branchMap":{"0":{"loc":{"start":{"line":7,"column":10},"end":{"line":7,"column":29}},"type":"binary-expr","locations":[{"start":{"line":7,"column":10},"end":{"line":7,"column":21}},{"start":{"line":7,"column":25},"end":{"line":7,"column":29}}],"line":7},"1":{"loc":{"start":{"line":11,"column":1},"end":{"line":13,"column":2}},"type":"if","locations":[{"start":{"line":11,"column":1},"end":{"line":13,"column":2}},{"start":{},"end":{}}],"line":11},"2":{"loc":{"start":{"line":24,"column":1},"end":{"line":26,"column":2}},"type":"if","locations":[{"start":{"line":24,"column":1},"end":{"line":26,"column":2}},{"start":{},"end":{}}],"line":24},"3":{"loc":{"start":{"line":24,"column":5},"end":{"line":24,"column":66}},"type":"binary-expr","locations":[{"start":{"line":24,"column":5},"end":{"line":24,"column":17}},{"start":{"line":24,"column":21},"end":{"line":24,"column":66}}],"line":24}},"s":{"0":3,"1":0,"2":0,"3":3,"4":1,"5":2,"6":2,"7":2,"8":2,"9":2,"10":2,"11":2,"12":1,"13":1,"14":1},"f":{"0":3,"1":0},"b":{"0":[0,0],"1":[1,2],"2":[1,1],"3":[2,2]},"_coverageSchema":"1a1c01bbd47fc00a2c39e90264f33305004495a9","hash":"9fc3c2aba9aab268f63c3e65180e9fdfc9868863"}
,"D:\\WEB_PROJECTS\\Chrome_extension\\functions\\hexToRgb.js": {"path":"D:\\WEB_PROJECTS\\Chrome_extension\\functions\\hexToRgb.js","statementMap":{"0":{"start":{"line":3,"column":11},"end":{"line":3,"column":46}},"1":{"start":{"line":4,"column":11},"end":{"line":4,"column":46}},"2":{"start":{"line":5,"column":11},"end":{"line":5,"column":46}},"3":{"start":{"line":6,"column":1},"end":{"line":6,"column":19}}},"fnMap":{"0":{"name":"hexToRgb","decl":{"start":{"line":2,"column":16},"end":{"line":2,"column":24}},"loc":{"start":{"line":2,"column":30},"end":{"line":7,"column":1}},"line":2}},"branchMap":{},"s":{"0":4,"1":4,"2":4,"3":4},"f":{"0":4},"b":{},"_coverageSchema":"1a1c01bbd47fc00a2c39e90264f33305004495a9","hash":"6a06aeb10233f3dc1b53fb400309fed3e831520c"}
,"D:\\WEB_PROJECTS\\Chrome_extension\\functions\\parsePageContent.js": {"path":"D:\\WEB_PROJECTS\\Chrome_extension\\functions\\parsePageContent.js","statementMap":{"0":{"start":{"line":4,"column":22},"end":{"line":4,"column":64}},"1":{"start":{"line":5,"column":19},"end":{"line":5,"column":72}},"2":{"start":{"line":8,"column":21},"end":{"line":8,"column":64}},"3":{"start":{"line":9,"column":18},"end":{"line":9,"column":69}},"4":{"start":{"line":12,"column":23},"end":{"line":12,"column":78}},"5":{"start":{"line":13,"column":21},"end":{"line":13,"column":93}},"6":{"start":{"line":13,"column":57},"end":{"line":13,"column":92}},"7":{"start":{"line":15,"column":1},"end":{"line":19,"column":2}}},"fnMap":{"0":{"name":"parsePageContent","decl":{"start":{"line":2,"column":16},"end":{"line":2,"column":32}},"loc":{"start":{"line":2,"column":35},"end":{"line":20,"column":1}},"line":2},"1":{"name":"(anonymous_1)","decl":{"start":{"line":13,"column":51},"end":{"line":13,"column":52}},"loc":{"start":{"line":13,"column":57},"end":{"line":13,"column":92}},"line":13}},"branchMap":{"0":{"loc":{"start":{"line":5,"column":19},"end":{"line":5,"column":72}},"type":"cond-expr","locations":[{"start":{"line":5,"column":34},"end":{"line":5,"column":65}},{"start":{"line":5,"column":68},"end":{"line":5,"column":72}}],"line":5},"1":{"loc":{"start":{"line":9,"column":18},"end":{"line":9,"column":69}},"type":"cond-expr","locations":[{"start":{"line":9,"column":32},"end":{"line":9,"column":62}},{"start":{"line":9,"column":65},"end":{"line":9,"column":69}}],"line":9}},"s":{"0":3,"1":3,"2":3,"3":3,"4":3,"5":3,"6":4,"7":3},"f":{"0":3,"1":4},"b":{"0":[2,1],"1":[2,1]},"_coverageSchema":"1a1c01bbd47fc00a2c39e90264f33305004495a9","hash":"afd4b145045ffd9faf4bbb47af1ae9b2af2d4614"}
,"D:\\WEB_PROJECTS\\Chrome_extension\\functions\\setupColorSelection.js": {"path":"D:\\WEB_PROJECTS\\Chrome_extension\\functions\\setupColorSelection.js","statementMap":{"0":{"start":{"line":1,"column":20},"end":{"line":1,"column":22}},"1":{"start":{"line":5,"column":18},"end":{"line":5,"column":61}},"2":{"start":{"line":8,"column":1},"end":{"line":15,"column":3}},"3":{"start":{"line":9,"column":2},"end":{"line":14,"column":4}},"4":{"start":{"line":11,"column":3},"end":{"line":11,"column":78}},"5":{"start":{"line":12,"column":3},"end":{"line":12,"column":34}},"6":{"start":{"line":13,"column":3},"end":{"line":13,"column":53}},"7":{"start":{"line":20,"column":1},"end":{"line":20,"column":21}}},"fnMap":{"0":{"name":"setupColorSelection","decl":{"start":{"line":4,"column":16},"end":{"line":4,"column":35}},"loc":{"start":{"line":4,"column":38},"end":{"line":16,"column":1}},"line":4},"1":{"name":"(anonymous_1)","decl":{"start":{"line":8,"column":18},"end":{"line":8,"column":19}},"loc":{"start":{"line":8,"column":29},"end":{"line":15,"column":2}},"line":8},"2":{"name":"(anonymous_2)","decl":{"start":{"line":9,"column":36},"end":{"line":9,"column":37}},"loc":{"start":{"line":9,"column":42},"end":{"line":14,"column":3}},"line":9},"3":{"name":"getSelectedColor","decl":{"start":{"line":19,"column":16},"end":{"line":19,"column":32}},"loc":{"start":{"line":19,"column":35},"end":{"line":21,"column":1}},"line":19}},"branchMap":{},"s":{"0":1,"1":2,"2":2,"3":8,"4":4,"5":4,"6":4,"7":4},"f":{"0":2,"1":8,"2":4,"3":4},"b":{},"_coverageSchema":"1a1c01bbd47fc00a2c39e90264f33305004495a9","hash":"9b3b2154526f3b092e0d16062d001d1a1a8b616c"}
}
