TN:
SF:functions\checkErrors.js
FN:2,checkErrors
FNF:1
FNH:1
FNDA:4,checkErrors
DA:3,4
DA:4,1
DA:5,3
DA:6,1
DA:7,2
DA:8,1
LF:6
LH:6
BRDA:3,0,0,1
BRDA:3,0,1,3
BRDA:5,1,0,1
BRDA:5,1,1,2
BRDA:7,2,0,1
BRDA:7,2,1,1
BRF:6
BRH:6
end_of_record
TN:
SF:functions\getCurrentDate.js
FN:1,getCurrentDate
FNF:1
FNH:1
FNDA:3,getCurrentDate
DA:2,3
DA:4,3
DA:5,3
DA:6,3
DA:8,3
DA:9,3
DA:11,3
DA:12,3
LF:8
LH:8
BRDA:8,0,0,1
BRDA:8,0,1,2
BRDA:9,1,0,2
BRDA:9,1,1,1
BRF:4
BRH:4
end_of_record
TN:
SF:functions\getLoginUserName.js
FN:1,getLoginUserName
FN:5,(anonymous_1)
FNF:2
FNH:1
FNDA:3,getLoginUserName
FNDA:0,(anonymous_1)
DA:3,3
DA:6,0
DA:7,0
DA:11,3
DA:12,1
DA:15,2
DA:16,2
DA:17,2
DA:19,2
DA:20,2
DA:22,2
DA:24,2
DA:25,1
DA:30,1
DA:32,1
LF:15
LH:13
BRDA:7,0,0,0
BRDA:7,0,1,0
BRDA:11,1,0,1
BRDA:11,1,1,2
BRDA:24,2,0,1
BRDA:24,2,1,1
BRDA:24,3,0,2
BRDA:24,3,1,2
BRF:8
BRH:6
end_of_record
TN:
SF:functions\hexToRgb.js
FN:2,hexToRgb
FNF:1
FNH:1
FNDA:4,hexToRgb
DA:3,4
DA:4,4
DA:5,4
DA:6,4
LF:4
LH:4
BRF:0
BRH:0
end_of_record
TN:
SF:functions\parsePageContent.js
FN:2,parsePageContent
FN:13,(anonymous_1)
FNF:2
FNH:2
FNDA:3,parsePageContent
FNDA:4,(anonymous_1)
DA:4,3
DA:5,3
DA:8,3
DA:9,3
DA:12,3
DA:13,4
DA:15,3
LF:7
LH:7
BRDA:5,0,0,2
BRDA:5,0,1,1
BRDA:9,1,0,2
BRDA:9,1,1,1
BRF:4
BRH:4
end_of_record
TN:
SF:functions\setupColorSelection.js
FN:4,setupColorSelection
FN:8,(anonymous_1)
FN:9,(anonymous_2)
FN:19,getSelectedColor
FNF:4
FNH:4
FNDA:2,setupColorSelection
FNDA:8,(anonymous_1)
FNDA:4,(anonymous_2)
FNDA:4,getSelectedColor
DA:1,1
DA:5,2
DA:8,2
DA:9,8
DA:11,4
DA:12,4
DA:13,4
DA:20,4
LF:8
LH:8
BRF:0
BRH:0
end_of_record
